[01:23:35] [User Authenticator #8/INFO]: UUID of player TheGreenB4stard is da36b0a2-15bb-4110-b588-8c574922f455
[01:23:35] [Server thread/INFO]: [Handshake] Sending channel query
[01:23:35] [Netty Epoll Server IO #4/INFO]: [Handshake] Receiving client channels
[01:23:35] [Netty Epoll Server IO #4/INFO]: [Handshake] Handshake completed successfully
[01:23:37] [Server thread/INFO]: TheGreenB4stard[/45.62.218.33:56963] logged in with entity id 49674 at (100.61010234120586, 69.0, 9.989202149015215)
[01:23:37] [Server thread/INFO]: Sending server config values to client
[01:23:37] [Server thread/INFO]: Server sent config handshake for paragon to TheGreenB4stard
[01:23:37] [Server thread/INFO]: Server sent config handshake for deeperdarker to TheGreenB4stard
[01:23:37] [Server thread/INFO]: TheGreenB4stard joined the game
[01:23:38] [Netty Epoll Server IO #4/INFO]: Receiving client config
[01:23:38] [Server thread/INFO]: Replacing apoli:replaced_loot_table with null
[01:23:38] [Server thread/INFO]: [STDOUT]: [Wall-Jump! UNOFFICIAL] Syncing Server Config
[01:23:38] [Server thread/INFO]: [STDOUT]: [Wall-Jump! UNOFFICIAL] Synced Server Config
[01:23:39] [Netty Epoll Server IO #4/INFO]: Priority overwritten for player TheGreenB4stard. Normal: GRAVE / Robbing: INVENTORY
[01:23:39] [Server thread/INFO]: Handshake response from TheGreenB4stard : SUCCESS
[01:23:39] [Server thread/INFO]: Handshake succeeded with no issues
[01:23:39] [Server thread/INFO]: Handshake response from TheGreenB4stard : SUCCESS
[01:23:39] [Server thread/INFO]: Handshake succeeded with no issues
[01:23:41] [Netty Epoll Server IO #4/INFO]: [ShulkerBoxTooltip] TheGreenB4stard: protocol version: 2.0
[01:23:42] [Server thread/WARN]: Can't keep up! Is the server overloaded? Running 2681ms or 53 ticks behind
[01:24:07] [Server thread/INFO]: Player TheGreenB4stard joined with a matching carpet client
[01:24:32] [Netty Epoll Server IO #4/ERROR]: Exception occurred in netty pipeline
io.netty.channel.unix.Errors$NativeIoException: readAddress(..) failed: Connection reset by peer
[01:24:32] [Server thread/INFO]: TheGreenB4stard lost connection: Disconnected
[01:24:32] [Server thread/INFO]: TheGreenB4stard left the game
[01:46:44] [User Authenticator #9/INFO]: UUID of player TheGreenB4stard is da36b0a2-15bb-4110-b588-8c574922f455
[01:46:44] [Server thread/INFO]: [Handshake] Sending channel query
[01:46:44] [Netty Epoll Server IO #1/INFO]: [Handshake] Receiving client channels
[01:46:44] [Netty Epoll Server IO #1/INFO]: [Handshake] Handshake completed successfully
[01:46:45] [Server thread/INFO]: TheGreenB4stard[/45.62.218.33:51874] logged in with entity id 49907 at (100.61010234120586, 69.0, 9.989202149015215)
[01:46:45] [Server thread/INFO]: Sending server config values to client
[01:46:45] [Server thread/INFO]: Server sent config handshake for paragon to TheGreenB4stard
[01:46:45] [Server thread/INFO]: Server sent config handshake for deeperdarker to TheGreenB4stard
[01:46:46] [Server thread/INFO]: TheGreenB4stard joined the game
[01:46:46] [Netty Epoll Server IO #1/INFO]: Receiving client config
[01:46:46] [Server thread/INFO]: Replacing apoli:replaced_loot_table with null
[01:46:47] [Server thread/INFO]: [STDOUT]: [Wall-Jump! UNOFFICIAL] Syncing Server Config
[01:46:47] [Server thread/INFO]: [STDOUT]: [Wall-Jump! UNOFFICIAL] Synced Server Config
[01:46:48] [Netty Epoll Server IO #1/INFO]: Priority overwritten for player TheGreenB4stard. Normal: GRAVE / Robbing: INVENTORY
[01:46:48] [Server thread/INFO]: Handshake response from TheGreenB4stard : SUCCESS
[01:46:48] [Server thread/INFO]: Handshake succeeded with no issues
[01:46:48] [Server thread/INFO]: Handshake response from TheGreenB4stard : SUCCESS
[01:46:48] [Server thread/INFO]: Handshake succeeded with no issues
[01:46:49] [Netty Epoll Server IO #1/INFO]: [ShulkerBoxTooltip] TheGreenB4stard: protocol version: 2.0
[01:46:51] [Server thread/WARN]: Can't keep up! Is the server overloaded? Running 2523ms or 50 ticks behind
[01:47:18] [Server thread/INFO]: Player TheGreenB4stard joined with a matching carpet client
[01:47:30] [Netty Epoll Server IO #1/ERROR]: Exception occurred in netty pipeline
io.netty.channel.unix.Errors$NativeIoException: readAddress(..) failed: Connection reset by peer
[01:47:30] [Server thread/INFO]: TheGreenB4stard lost connection: Disconnected
[01:47:30] [Server thread/INFO]: TheGreenB4stard left the game
[02:21:26] [User Authenticator #10/INFO]: UUID of player TheGreenB4stard is da36b0a2-15bb-4110-b588-8c574922f455
[02:21:26] [Server thread/INFO]: [Handshake] Sending channel query
[02:21:26] [Netty Epoll Server IO #5/INFO]: [Handshake] Receiving client channels
[02:21:26] [Netty Epoll Server IO #5/INFO]: [Handshake] Handshake completed successfully
[02:21:28] [Server thread/INFO]: TheGreenB4stard[/45.62.218.33:50987] logged in with entity id 50131 at (100.61010234120586, 69.0, 9.989202149015215)
[02:21:28] [Server thread/INFO]: Sending server config values to client
[02:21:28] [Server thread/INFO]: Server sent config handshake for paragon to TheGreenB4stard
[02:21:28] [Server thread/INFO]: Server sent config handshake for deeperdarker to TheGreenB4stard
[02:21:28] [Server thread/INFO]: TheGreenB4stard joined the game
[02:21:28] [Netty Epoll Server IO #5/INFO]: Receiving client config
[02:21:29] [Server thread/INFO]: Replacing apoli:replaced_loot_table with null
[02:21:29] [Server thread/INFO]: [STDOUT]: [Wall-Jump! UNOFFICIAL] Syncing Server Config
[02:21:29] [Server thread/INFO]: [STDOUT]: [Wall-Jump! UNOFFICIAL] Synced Server Config
[02:21:30] [Netty Epoll Server IO #5/INFO]: Priority overwritten for player TheGreenB4stard. Normal: GRAVE / Robbing: INVENTORY
[02:21:30] [Server thread/INFO]: Handshake response from TheGreenB4stard : SUCCESS
[02:21:30] [Server thread/INFO]: Handshake succeeded with no issues
[02:21:30] [Server thread/INFO]: Handshake response from TheGreenB4stard : SUCCESS
[02:21:30] [Server thread/INFO]: Handshake succeeded with no issues
[02:21:32] [Netty Epoll Server IO #5/INFO]: [ShulkerBoxTooltip] TheGreenB4stard: protocol version: 2.0
[02:21:58] [Server thread/INFO]: Player TheGreenB4stard joined with a matching carpet client
[02:22:11] [Netty Epoll Server IO #5/ERROR]: Exception occurred in netty pipeline
io.netty.channel.unix.Errors$NativeIoException: readAddress(..) failed: Connection reset by peer
[02:22:11] [Server thread/INFO]: TheGreenB4stard lost connection: Disconnected
[02:22:11] [Server thread/INFO]: TheGreenB4stard left the game
